<?xml version="1.0" encoding="utf-8" ?>
<!DOCTYPE html PUBLIC "-//W3C//DTD XHTML 1.0 Strict//EN"
        "http://www.w3.org/TR/xhtml1/DTD/xhtml1-strict.dtd">
<html xmlns="http://www.w3.org/1999/xhtml" xml:lang="" lang="">
<head>
  <title>Test Results Report - Login Test</title>
  <meta http-equiv="Content-Type" content="text/html;charset=utf-8" />
  <meta name="description" content="TestNG unit test results." />
  <link href="reportng.css" rel="stylesheet" type="text/css" />
    <script type="text/javascript" src="reportng.js"></script>
</head>
<body>
<h1>Login Test</h1>
<p>
  Test duration: 47.953s
</p>



  <table class="resultsTable">
    <tr><th colspan="3" class="header failed">Failed Tests</th></tr>
          <tr>
        <td colspan="3" class="group">com.tutorialsninja.demo.testsuite.DesktopsTest</td>
      </tr>
            
<tr>
  <td class="method">
                  verifyProductAddedToShoppingCartSuccessFullyWithData
      </td>
  <td class="duration">
    18.889s
  </td>
  <td class="result">
        
          <i>Method arguments: </i><span class="arguments">"HP LP3065", "1", "Success: You have added HP LP3065 to your shopping cart!", "HP LP3065", "Product 21", "£74.73"</span><br />
    
            <div class="testOutput">
                        Click on desktop [[ChromeDriver: chrome on windows (ec42d189e7c17edbf400403111a61129)] -&gt; link text: Desktops]<br />
                                Select Show AllDesktops from [[[ChromeDriver: chrome on windows (ec42d189e7c17edbf400403111a61129)] -&gt; xpath: //nav[@id=&apos;menu&apos;]//ul/li[contains(@class, &apos;open&apos;)]/div/child::*], [[ChromeDriver: chrome on windows (ec42d189e7c17edbf400403111a61129)] -&gt; xpath: //nav[@id=&apos;menu&apos;]//ul/li[contains(@class, &apos;open&apos;)]/div/child::*]]<br />
                                Select Name (A - Z) to sort by [[ChromeDriver: chrome on windows (ec42d189e7c17edbf400403111a61129)] -&gt; id: input-sort]<br />
                                Click on HP LP3065<br />
                                Clear the text on [[ChromeDriver: chrome on windows (ec42d189e7c17edbf400403111a61129)] -&gt; xpath: //input[@id=&apos;input-quantity&apos;]]<br />
                                Click on [[ChromeDriver: chrome on windows (ec42d189e7c17edbf400403111a61129)] -&gt; id: button-cart]<br />
                                Get [[ChromeDriver: chrome on windows (ec42d189e7c17edbf400403111a61129)] -&gt; xpath: //div[@class=&apos;alert alert-success alert-dismissible&apos;]]<br />
                                Click on [[ChromeDriver: chrome on windows (ec42d189e7c17edbf400403111a61129)] -&gt; xpath: //a[normalize-space()=&apos;shopping cart&apos;]]<br />
                  </div>
    

        <a href="javascript:toggleElement('exception-0', 'block')" title="Click to expand/collapse"><b>java.lang.NullPointerException: Cannot invoke &quot;com.tutorialsninja.demo.pages.ShoppingCartPage.getShoppingCartHeading()&quot; because &quot;this.shoppingCartPage&quot; is null</b></a><br />
    <div class="stackTrace" id="exception-0">
              com.tutorialsninja.demo.testsuite.DesktopsTest.verifyProductAddedToShoppingCartSuccessFullyWithData(DesktopsTest.java:185)<br />
              java.base/jdk.internal.reflect.NativeMethodAccessorImpl.invoke0(Native Method)<br />
              java.base/jdk.internal.reflect.NativeMethodAccessorImpl.invoke(NativeMethodAccessorImpl.java:77)<br />
              java.base/jdk.internal.reflect.DelegatingMethodAccessorImpl.invoke(DelegatingMethodAccessorImpl.java:43)<br />
              java.base/java.lang.reflect.Method.invoke(Method.java:568)<br />
              org.testng.internal.invokers.MethodInvocationHelper.invokeMethod(MethodInvocationHelper.java:141)<br />
              org.testng.internal.invokers.TestInvoker.invokeMethod(TestInvoker.java:686)<br />
              org.testng.internal.invokers.TestInvoker.invokeTestMethod(TestInvoker.java:230)<br />
              org.testng.internal.invokers.MethodRunner.runInSequence(MethodRunner.java:63)<br />
              org.testng.internal.invokers.TestInvoker$MethodInvocationAgent.invoke(TestInvoker.java:992)<br />
              org.testng.internal.invokers.TestInvoker.invokeTestMethods(TestInvoker.java:203)<br />
              org.testng.internal.invokers.TestMethodWorker.invokeTestMethods(TestMethodWorker.java:154)<br />
              org.testng.internal.invokers.TestMethodWorker.run(TestMethodWorker.java:134)<br />
              java.base/java.util.ArrayList.forEach(ArrayList.java:1511)<br />
              org.testng.TestRunner.privateRun(TestRunner.java:739)<br />
              org.testng.TestRunner.run(TestRunner.java:614)<br />
              org.testng.SuiteRunner.runTest(SuiteRunner.java:421)<br />
              org.testng.SuiteRunner.runSequentially(SuiteRunner.java:413)<br />
              org.testng.SuiteRunner.privateRun(SuiteRunner.java:373)<br />
              org.testng.SuiteRunner.run(SuiteRunner.java:312)<br />
              org.testng.SuiteRunnerWorker.runSuite(SuiteRunnerWorker.java:52)<br />
              org.testng.SuiteRunnerWorker.run(SuiteRunnerWorker.java:95)<br />
              org.testng.TestNG.runSuitesSequentially(TestNG.java:1274)<br />
              org.testng.TestNG.runSuitesLocally(TestNG.java:1208)<br />
              org.testng.TestNG.runSuites(TestNG.java:1112)<br />
              org.testng.TestNG.run(TestNG.java:1079)<br />
              com.intellij.rt.testng.IDEARemoteTestNG.run(IDEARemoteTestNG.java:65)<br />
              com.intellij.rt.testng.RemoteTestNGStarter.main(RemoteTestNGStarter.java:105)<br />
                </div>
      </td>
</tr>
<tr>
  <td class="method">
                  verifyProductAddedToShoppingCartSuccessFullyWithData
      </td>
  <td class="duration">
    18.916s
  </td>
  <td class="result">
        
          <i>Method arguments: </i><span class="arguments">"Sony VAIO", "1", "Success: You have added Sony VAIO to your shopping cart!", "Sony VAIO", "Product 19", "£736.23"</span><br />
    
            <div class="testOutput">
                        Click on desktop [[ChromeDriver: chrome on windows (a87b63245d84d1997e93e81b28b08ee7)] -&gt; link text: Desktops]<br />
                                Select Show AllDesktops from [[[ChromeDriver: chrome on windows (a87b63245d84d1997e93e81b28b08ee7)] -&gt; xpath: //nav[@id=&apos;menu&apos;]//ul/li[contains(@class, &apos;open&apos;)]/div/child::*], [[ChromeDriver: chrome on windows (a87b63245d84d1997e93e81b28b08ee7)] -&gt; xpath: //nav[@id=&apos;menu&apos;]//ul/li[contains(@class, &apos;open&apos;)]/div/child::*]]<br />
                                Select Name (A - Z) to sort by [[ChromeDriver: chrome on windows (a87b63245d84d1997e93e81b28b08ee7)] -&gt; id: input-sort]<br />
                                Click on Sony VAIO<br />
                                Clear the text on [[ChromeDriver: chrome on windows (a87b63245d84d1997e93e81b28b08ee7)] -&gt; xpath: //input[@id=&apos;input-quantity&apos;]]<br />
                                Click on [[ChromeDriver: chrome on windows (a87b63245d84d1997e93e81b28b08ee7)] -&gt; id: button-cart]<br />
                                Get [[ChromeDriver: chrome on windows (a87b63245d84d1997e93e81b28b08ee7)] -&gt; xpath: //div[@class=&apos;alert alert-success alert-dismissible&apos;]]<br />
                                Click on [[ChromeDriver: chrome on windows (a87b63245d84d1997e93e81b28b08ee7)] -&gt; xpath: //a[normalize-space()=&apos;shopping cart&apos;]]<br />
                  </div>
    

        <a href="javascript:toggleElement('exception-1', 'block')" title="Click to expand/collapse"><b>java.lang.NullPointerException: Cannot invoke &quot;com.tutorialsninja.demo.pages.ShoppingCartPage.getShoppingCartHeading()&quot; because &quot;this.shoppingCartPage&quot; is null</b></a><br />
    <div class="stackTrace" id="exception-1">
              com.tutorialsninja.demo.testsuite.DesktopsTest.verifyProductAddedToShoppingCartSuccessFullyWithData(DesktopsTest.java:185)<br />
              java.base/jdk.internal.reflect.NativeMethodAccessorImpl.invoke0(Native Method)<br />
              java.base/jdk.internal.reflect.NativeMethodAccessorImpl.invoke(NativeMethodAccessorImpl.java:77)<br />
              java.base/jdk.internal.reflect.DelegatingMethodAccessorImpl.invoke(DelegatingMethodAccessorImpl.java:43)<br />
              java.base/java.lang.reflect.Method.invoke(Method.java:568)<br />
              org.testng.internal.invokers.MethodInvocationHelper.invokeMethod(MethodInvocationHelper.java:141)<br />
              org.testng.internal.invokers.TestInvoker.invokeMethod(TestInvoker.java:686)<br />
              org.testng.internal.invokers.TestInvoker.invokeTestMethod(TestInvoker.java:230)<br />
              org.testng.internal.invokers.MethodRunner.runInSequence(MethodRunner.java:63)<br />
              org.testng.internal.invokers.TestInvoker$MethodInvocationAgent.invoke(TestInvoker.java:992)<br />
              org.testng.internal.invokers.TestInvoker.invokeTestMethods(TestInvoker.java:203)<br />
              org.testng.internal.invokers.TestMethodWorker.invokeTestMethods(TestMethodWorker.java:154)<br />
              org.testng.internal.invokers.TestMethodWorker.run(TestMethodWorker.java:134)<br />
              java.base/java.util.ArrayList.forEach(ArrayList.java:1511)<br />
              org.testng.TestRunner.privateRun(TestRunner.java:739)<br />
              org.testng.TestRunner.run(TestRunner.java:614)<br />
              org.testng.SuiteRunner.runTest(SuiteRunner.java:421)<br />
              org.testng.SuiteRunner.runSequentially(SuiteRunner.java:413)<br />
              org.testng.SuiteRunner.privateRun(SuiteRunner.java:373)<br />
              org.testng.SuiteRunner.run(SuiteRunner.java:312)<br />
              org.testng.SuiteRunnerWorker.runSuite(SuiteRunnerWorker.java:52)<br />
              org.testng.SuiteRunnerWorker.run(SuiteRunnerWorker.java:95)<br />
              org.testng.TestNG.runSuitesSequentially(TestNG.java:1274)<br />
              org.testng.TestNG.runSuitesLocally(TestNG.java:1208)<br />
              org.testng.TestNG.runSuites(TestNG.java:1112)<br />
              org.testng.TestNG.run(TestNG.java:1079)<br />
              com.intellij.rt.testng.IDEARemoteTestNG.run(IDEARemoteTestNG.java:65)<br />
              com.intellij.rt.testng.RemoteTestNGStarter.main(RemoteTestNGStarter.java:105)<br />
                </div>
      </td>
</tr>
      </table>


  
</body>
</html>
